#
# There is insufficient memory for the Java Runtime Environment to continue.
# Native memory allocation (malloc) failed to allocate 1293792 bytes for Chunk::new
# Possible reasons:
#   The system is out of physical RAM or swap space
#   The process is running with CompressedOops enabled, and the Java Heap may be blocking the growth of the native heap
# Possible solutions:
#   Reduce memory load on the system
#   Increase physical memory or swap space
#   Check if swap backing store is full
#   Decrease Java heap size (-Xmx/-Xms)
#   Decrease number of Java threads
#   Decrease Java thread stack sizes (-Xss)
#   Set larger code cache with -XX:ReservedCodeCacheSize=
#   JVM is running with Unscaled Compressed Oops mode in which the Java heap is
#     placed in the first 4GB address space. The Java Heap base address is the
#     maximum limit for the native heap growth. Please use -XX:HeapBaseMinAddress
#     to set the Java Heap base and to place the Java Heap above 4GB virtual address.
# This output file may be truncated or incomplete.
#
#  Out of Memory Error (arena.cpp:189), pid=11904, tid=18944
#
# JRE version: Java(TM) SE Runtime Environment (17.0.9+11) (build 17.0.9+11-LTS-201)
# Java VM: Java HotSpot(TM) 64-Bit Server VM (17.0.9+11-LTS-201, mixed mode, sharing, tiered, compressed oops, compressed class ptrs, g1 gc, windows-amd64)
# No core dump will be written. Minidumps are not enabled by default on client versions of Windows
#

---------------  S U M M A R Y ------------

Command Line: -Xmx64m -Xms64m -Dorg.gradle.appname=gradlew org.gradle.wrapper.GradleWrapperMain app:installDebug -PreactNativeDevServerPort=8081

Host: Intel(R) Core(TM) i7-8550U CPU @ 1.80GHz, 8 cores, 15G,  Windows 11 , 64 bit Build 26100 (10.0.26100.4202)
Time: Tue Jun 17 11:00:16 2025 Nepal Standard Time elapsed time: 454.872206 seconds (0d 0h 7m 34s)

---------------  T H R E A D  ---------------

Current thread (0x000001f24e184b40):  JavaThread "C2 CompilerThread0" daemon [_thread_in_native, id=18944, stack(0x000000ba0e700000,0x000000ba0e800000)]


Current CompileTask:
C2: 454875 1760       4       org.gradle.internal.logging.console.BuildStatusRenderer::onOutput (350 bytes)

Stack: [0x000000ba0e700000,0x000000ba0e800000]
Native frames: (J=compiled Java code, j=interpreted, Vv=VM code, C=native code)
V  [jvm.dll+0x678a4a]
V  [jvm.dll+0x7d9cfd]
V  [jvm.dll+0x7db60e]
V  [jvm.dll+0x7dbc73]
V  [jvm.dll+0x245e1f]
V  [jvm.dll+0xaaafb]
V  [jvm.dll+0xab09c]
V  [jvm.dll+0x36237e]
V  [jvm.dll+0x1bbb3a]
V  [jvm.dll+0x218287]
V  [jvm.dll+0x217561]
V  [jvm.dll+0x1a3bc0]
V  [jvm.dll+0x2272de]
V  [jvm.dll+0x22548b]
V  [jvm.dll+0x78f58c]
V  [jvm.dll+0x78998a]
V  [jvm.dll+0x677875]
C  [ucrtbase.dll+0x37b0]
C  [KERNEL32.DLL+0x2e8d7]
C  [ntdll.dll+0x3c34c]


---------------  P R O C E S S  ---------------

Threads class SMR info:
_java_thread_list=0x000001f294053f20, length=15, elements={
0x000001f234a06c10, 0x000001f234ab2530, 0x000001f234ab3a60, 0x000001f234ac7dc0,
0x000001f234ac9200, 0x000001f234acc370, 0x000001f234acd8a0, 0x000001f24e184b40,
0x000001f24e18fa30, 0x000001f24e190eb0, 0x000001f24e3d5fc0, 0x000001f24e3e0d00,
0x000001f294214b30, 0x000001f24e8a0440, 0x000001f24e396150
}

Java Threads: ( => current thread )
  0x000001f234a06c10 JavaThread "main" [_thread_in_native, id=19768, stack(0x000000ba0da00000,0x000000ba0db00000)]
  0x000001f234ab2530 JavaThread "Reference Handler" daemon [_thread_blocked, id=14696, stack(0x000000ba0e100000,0x000000ba0e200000)]
  0x000001f234ab3a60 JavaThread "Finalizer" daemon [_thread_blocked, id=20832, stack(0x000000ba0e200000,0x000000ba0e300000)]
  0x000001f234ac7dc0 JavaThread "Signal Dispatcher" daemon [_thread_blocked, id=6324, stack(0x000000ba0e300000,0x000000ba0e400000)]
  0x000001f234ac9200 JavaThread "Attach Listener" daemon [_thread_blocked, id=14204, stack(0x000000ba0e400000,0x000000ba0e500000)]
  0x000001f234acc370 JavaThread "Service Thread" daemon [_thread_blocked, id=4028, stack(0x000000ba0e500000,0x000000ba0e600000)]
  0x000001f234acd8a0 JavaThread "Monitor Deflation Thread" daemon [_thread_blocked, id=12016, stack(0x000000ba0e600000,0x000000ba0e700000)]
=>0x000001f24e184b40 JavaThread "C2 CompilerThread0" daemon [_thread_in_native, id=18944, stack(0x000000ba0e700000,0x000000ba0e800000)]
  0x000001f24e18fa30 JavaThread "C1 CompilerThread0" daemon [_thread_blocked, id=18884, stack(0x000000ba0e800000,0x000000ba0e900000)]
  0x000001f24e190eb0 JavaThread "Sweeper thread" daemon [_thread_blocked, id=10676, stack(0x000000ba0e900000,0x000000ba0ea00000)]
  0x000001f24e3d5fc0 JavaThread "Notification Thread" daemon [_thread_blocked, id=2756, stack(0x000000ba0ea00000,0x000000ba0eb00000)]
  0x000001f24e3e0d00 JavaThread "Common-Cleaner" daemon [_thread_blocked, id=7256, stack(0x000000ba0ec00000,0x000000ba0ed00000)]
  0x000001f294214b30 JavaThread "pool-1-thread-1" [_thread_blocked, id=20532, stack(0x000000ba0f200000,0x000000ba0f300000)]
  0x000001f24e8a0440 JavaThread "DisconnectableInputStream source reader" daemon [_thread_in_native, id=21016, stack(0x000000ba0f300000,0x000000ba0f400000)]
  0x000001f24e396150 JavaThread "Forward input" [_thread_blocked, id=12592, stack(0x000000ba0f400000,0x000000ba0f500000)]

Other Threads:
  0x000001f234aa7840 VMThread "VM Thread" [stack: 0x000000ba0e000000,0x000000ba0e100000] [id=11424]
  0x000001f24e3e08c0 WatcherThread [stack: 0x000000ba0eb00000,0x000000ba0ec00000] [id=18644]
  0x000001f234a2a360 GCTaskThread "GC Thread#0" [stack: 0x000000ba0db00000,0x000000ba0dc00000] [id=24356]
  0x000001f24ec59b40 GCTaskThread "GC Thread#1" [stack: 0x000000ba0ee00000,0x000000ba0ef00000] [id=21724]
  0x000001f24e7cf910 GCTaskThread "GC Thread#2" [stack: 0x000000ba0ef00000,0x000000ba0f000000] [id=24156]
  0x000001f24e7cfbd0 GCTaskThread "GC Thread#3" [stack: 0x000000ba0f000000,0x000000ba0f100000] [id=4104]
  0x000001f24e7c8090 GCTaskThread "GC Thread#4" [stack: 0x000000ba0f100000,0x000000ba0f200000] [id=23184]
  0x000001f24e7a3b00 GCTaskThread "GC Thread#5" [stack: 0x000000ba0d800000,0x000000ba0d900000] [id=24264]
  0x000001f24e23fd50 GCTaskThread "GC Thread#6" [stack: 0x000000ba0d900000,0x000000ba0da00000] [id=20600]
  0x000001f24e4b7c80 GCTaskThread "GC Thread#7" [stack: 0x000000ba0ed00000,0x000000ba0ee00000] [id=20476]
  0x000001f234a2b9b0 ConcurrentGCThread "G1 Main Marker" [stack: 0x000000ba0dc00000,0x000000ba0dd00000] [id=16312]
  0x000001f234a2c2c0 ConcurrentGCThread "G1 Conc#0" [stack: 0x000000ba0dd00000,0x000000ba0de00000] [id=20816]
  0x000001f234a8ac40 ConcurrentGCThread "G1 Refine#0" [stack: 0x000000ba0de00000,0x000000ba0df00000] [id=13316]
  0x000001f234a8c420 ConcurrentGCThread "G1 Service" [stack: 0x000000ba0df00000,0x000000ba0e000000] [id=24152]

Threads with active compile tasks:
C2 CompilerThread0   460419 1760       4       org.gradle.internal.logging.console.BuildStatusRenderer::onOutput (350 bytes)

VM state: not at safepoint (normal execution)

VM Mutex/Monitor currently owned by a thread: None

Heap address: 0x00000000fc000000, size: 64 MB, Compressed Oops mode: 32-bit

CDS archive(s) mapped at: [0x000001f24f000000-0x000001f24fbd0000-0x000001f24fbd0000), size 12386304, SharedBaseAddress: 0x000001f24f000000, ArchiveRelocationMode: 1.
Compressed class space mapped at: 0x000001f250000000-0x000001f290000000, reserved size: 1073741824
Narrow klass base: 0x000001f24f000000, Narrow klass shift: 0, Narrow klass range: 0x100000000

GC Precious Log:
 CPUs: 8 total, 8 available
 Memory: 16248M
 Large Page Support: Disabled
 NUMA Support: Disabled
 Compressed Oops: Enabled (32-bit)
 Heap Region Size: 1M
 Heap Min Capacity: 64M
 Heap Initial Capacity: 64M
 Heap Max Capacity: 64M
 Pre-touch: Disabled
 Parallel Workers: 8
 Concurrent Workers: 2
 Concurrent Refinement Workers: 8
 Periodic GC: Disabled

Heap:
 garbage-first heap   total 65536K, used 14164K [0x00000000fc000000, 0x0000000100000000)
  region size 1024K, 5 young (5120K), 2 survivors (2048K)
 Metaspace       used 9418K, committed 9664K, reserved 1114112K
  class space    used 1226K, committed 1344K, reserved 1048576K

Heap Regions: E=young(eden), S=young(survivor), O=old, HS=humongous(starts), HC=humongous(continues), CS=collection set, F=free, OA=open archive, CA=closed archive, TAMS=top-at-mark-start (previous, next)
|   0|0x00000000fc000000, 0x00000000fc100000, 0x00000000fc100000|100%|HS|  |TAMS 0x00000000fc000000, 0x00000000fc000000| Complete 
|   1|0x00000000fc100000, 0x00000000fc200000, 0x00000000fc200000|100%|HC|  |TAMS 0x00000000fc100000, 0x00000000fc100000| Complete 
|   2|0x00000000fc200000, 0x00000000fc300000, 0x00000000fc300000|100%|HC|  |TAMS 0x00000000fc200000, 0x00000000fc200000| Complete 
|   3|0x00000000fc300000, 0x00000000fc400000, 0x00000000fc400000|100%|HC|  |TAMS 0x00000000fc300000, 0x00000000fc300000| Complete 
|   4|0x00000000fc400000, 0x00000000fc500000, 0x00000000fc500000|100%| O|  |TAMS 0x00000000fc400000, 0x00000000fc400000| Untracked 
|   5|0x00000000fc500000, 0x00000000fc600000, 0x00000000fc600000|100%| O|  |TAMS 0x00000000fc500000, 0x00000000fc500000| Untracked 
|   6|0x00000000fc600000, 0x00000000fc700000, 0x00000000fc700000|100%| O|  |TAMS 0x00000000fc600000, 0x00000000fc600000| Untracked 
|   7|0x00000000fc700000, 0x00000000fc800000, 0x00000000fc800000|100%| O|  |TAMS 0x00000000fc700000, 0x00000000fc700000| Untracked 
|   8|0x00000000fc800000, 0x00000000fc900000, 0x00000000fc900000|100%| O|  |TAMS 0x00000000fc800000, 0x00000000fc800000| Untracked 
|   9|0x00000000fc900000, 0x00000000fca00000, 0x00000000fca00000|100%| O|  |TAMS 0x00000000fc900000, 0x00000000fc900000| Untracked 
|  10|0x00000000fca00000, 0x00000000fca63a00, 0x00000000fcb00000| 38%| O|  |TAMS 0x00000000fca00000, 0x00000000fca00000| Untracked 
|  11|0x00000000fcb00000, 0x00000000fcb00000, 0x00000000fcc00000|  0%| F|  |TAMS 0x00000000fcb00000, 0x00000000fcb00000| Untracked 
|  12|0x00000000fcc00000, 0x00000000fcc00000, 0x00000000fcd00000|  0%| F|  |TAMS 0x00000000fcc00000, 0x00000000fcc00000| Untracked 
|  13|0x00000000fcd00000, 0x00000000fcd00000, 0x00000000fce00000|  0%| F|  |TAMS 0x00000000fcd00000, 0x00000000fcd00000| Untracked 
|  14|0x00000000fce00000, 0x00000000fce00000, 0x00000000fcf00000|  0%| F|  |TAMS 0x00000000fce00000, 0x00000000fce00000| Untracked 
|  15|0x00000000fcf00000, 0x00000000fcf00000, 0x00000000fd000000|  0%| F|  |TAMS 0x00000000fcf00000, 0x00000000fcf00000| Untracked 
|  16|0x00000000fd000000, 0x00000000fd000000, 0x00000000fd100000|  0%| F|  |TAMS 0x00000000fd000000, 0x00000000fd000000| Untracked 
|  17|0x00000000fd100000, 0x00000000fd100000, 0x00000000fd200000|  0%| F|  |TAMS 0x00000000fd100000, 0x00000000fd100000| Untracked 
|  18|0x00000000fd200000, 0x00000000fd200000, 0x00000000fd300000|  0%| F|  |TAMS 0x00000000fd200000, 0x00000000fd200000| Untracked 
|  19|0x00000000fd300000, 0x00000000fd300000, 0x00000000fd400000|  0%| F|  |TAMS 0x00000000fd300000, 0x00000000fd300000| Untracked 
|  20|0x00000000fd400000, 0x00000000fd400000, 0x00000000fd500000|  0%| F|  |TAMS 0x00000000fd400000, 0x00000000fd400000| Untracked 
|  21|0x00000000fd500000, 0x00000000fd500000, 0x00000000fd600000|  0%| F|  |TAMS 0x00000000fd500000, 0x00000000fd500000| Untracked 
|  22|0x00000000fd600000, 0x00000000fd600000, 0x00000000fd700000|  0%| F|  |TAMS 0x00000000fd600000, 0x00000000fd600000| Untracked 
|  23|0x00000000fd700000, 0x00000000fd700000, 0x00000000fd800000|  0%| F|  |TAMS 0x00000000fd700000, 0x00000000fd700000| Untracked 
|  24|0x00000000fd800000, 0x00000000fd800000, 0x00000000fd900000|  0%| F|  |TAMS 0x00000000fd800000, 0x00000000fd800000| Untracked 
|  25|0x00000000fd900000, 0x00000000fd900000, 0x00000000fda00000|  0%| F|  |TAMS 0x00000000fd900000, 0x00000000fd900000| Untracked 
|  26|0x00000000fda00000, 0x00000000fda00000, 0x00000000fdb00000|  0%| F|  |TAMS 0x00000000fda00000, 0x00000000fda00000| Untracked 
|  27|0x00000000fdb00000, 0x00000000fdb00000, 0x00000000fdc00000|  0%| F|  |TAMS 0x00000000fdb00000, 0x00000000fdb00000| Untracked 
|  28|0x00000000fdc00000, 0x00000000fdc00000, 0x00000000fdd00000|  0%| F|  |TAMS 0x00000000fdc00000, 0x00000000fdc00000| Untracked 
|  29|0x00000000fdd00000, 0x00000000fdd00000, 0x00000000fde00000|  0%| F|  |TAMS 0x00000000fdd00000, 0x00000000fdd00000| Untracked 
|  30|0x00000000fde00000, 0x00000000fde00000, 0x00000000fdf00000|  0%| F|  |TAMS 0x00000000fde00000, 0x00000000fde00000| Untracked 
|  31|0x00000000fdf00000, 0x00000000fdf00000, 0x00000000fe000000|  0%| F|  |TAMS 0x00000000fdf00000, 0x00000000fdf00000| Untracked 
|  32|0x00000000fe000000, 0x00000000fe000000, 0x00000000fe100000|  0%| F|  |TAMS 0x00000000fe000000, 0x00000000fe000000| Untracked 
|  33|0x00000000fe100000, 0x00000000fe100000, 0x00000000fe200000|  0%| F|  |TAMS 0x00000000fe100000, 0x00000000fe100000| Untracked 
|  34|0x00000000fe200000, 0x00000000fe200000, 0x00000000fe300000|  0%| F|  |TAMS 0x00000000fe200000, 0x00000000fe200000| Untracked 
|  35|0x00000000fe300000, 0x00000000fe300000, 0x00000000fe400000|  0%| F|  |TAMS 0x00000000fe300000, 0x00000000fe300000| Untracked 
|  36|0x00000000fe400000, 0x00000000fe400000, 0x00000000fe500000|  0%| F|  |TAMS 0x00000000fe400000, 0x00000000fe400000| Untracked 
|  37|0x00000000fe500000, 0x00000000fe5716a8, 0x00000000fe600000| 44%| S|CS|TAMS 0x00000000fe500000, 0x00000000fe500000| Complete 
|  38|0x00000000fe600000, 0x00000000fe600000, 0x00000000fe700000|  0%| F|  |TAMS 0x00000000fe600000, 0x00000000fe600000| Untracked 
|  39|0x00000000fe700000, 0x00000000fe700000, 0x00000000fe800000|  0%| F|  |TAMS 0x00000000fe700000, 0x00000000fe700000| Untracked 
|  40|0x00000000fe800000, 0x00000000fe800000, 0x00000000fe900000|  0%| F|  |TAMS 0x00000000fe800000, 0x00000000fe800000| Untracked 
|  41|0x00000000fe900000, 0x00000000fea00000, 0x00000000fea00000|100%| S|CS|TAMS 0x00000000fe900000, 0x00000000fe900000| Complete 
|  42|0x00000000fea00000, 0x00000000fea00000, 0x00000000feb00000|  0%| F|  |TAMS 0x00000000fea00000, 0x00000000fea00000| Untracked 
|  43|0x00000000feb00000, 0x00000000feb00000, 0x00000000fec00000|  0%| F|  |TAMS 0x00000000feb00000, 0x00000000feb00000| Untracked 
|  44|0x00000000fec00000, 0x00000000fec00000, 0x00000000fed00000|  0%| F|  |TAMS 0x00000000fec00000, 0x00000000fec00000| Untracked 
|  45|0x00000000fed00000, 0x00000000fed00000, 0x00000000fee00000|  0%| F|  |TAMS 0x00000000fed00000, 0x00000000fed00000| Untracked 
|  46|0x00000000fee00000, 0x00000000fee00000, 0x00000000fef00000|  0%| F|  |TAMS 0x00000000fee00000, 0x00000000fee00000| Untracked 
|  47|0x00000000fef00000, 0x00000000fef00000, 0x00000000ff000000|  0%| F|  |TAMS 0x00000000fef00000, 0x00000000fef00000| Untracked 
|  48|0x00000000ff000000, 0x00000000ff000000, 0x00000000ff100000|  0%| F|  |TAMS 0x00000000ff000000, 0x00000000ff000000| Untracked 
|  49|0x00000000ff100000, 0x00000000ff100000, 0x00000000ff200000|  0%| F|  |TAMS 0x00000000ff100000, 0x00000000ff100000| Untracked 
|  50|0x00000000ff200000, 0x00000000ff200000, 0x00000000ff300000|  0%| F|  |TAMS 0x00000000ff200000, 0x00000000ff200000| Untracked 
|  51|0x00000000ff300000, 0x00000000ff300000, 0x00000000ff400000|  0%| F|  |TAMS 0x00000000ff300000, 0x00000000ff300000| Untracked 
|  52|0x00000000ff400000, 0x00000000ff400000, 0x00000000ff500000|  0%| F|  |TAMS 0x00000000ff400000, 0x00000000ff400000| Untracked 
|  53|0x00000000ff500000, 0x00000000ff500000, 0x00000000ff600000|  0%| F|  |TAMS 0x00000000ff500000, 0x00000000ff500000| Untracked 
|  54|0x00000000ff600000, 0x00000000ff600000, 0x00000000ff700000|  0%| F|  |TAMS 0x00000000ff600000, 0x00000000ff600000| Untracked 
|  55|0x00000000ff700000, 0x00000000ff700000, 0x00000000ff800000|  0%| F|  |TAMS 0x00000000ff700000, 0x00000000ff700000| Untracked 
|  56|0x00000000ff800000, 0x00000000ff800000, 0x00000000ff900000|  0%| F|  |TAMS 0x00000000ff800000, 0x00000000ff800000| Untracked 
|  57|0x00000000ff900000, 0x00000000ff900000, 0x00000000ffa00000|  0%| F|  |TAMS 0x00000000ff900000, 0x00000000ff900000| Untracked 
|  58|0x00000000ffa00000, 0x00000000ffa00000, 0x00000000ffb00000|  0%| F|  |TAMS 0x00000000ffa00000, 0x00000000ffa00000| Untracked 
|  59|0x00000000ffb00000, 0x00000000ffb00000, 0x00000000ffc00000|  0%| F|  |TAMS 0x00000000ffb00000, 0x00000000ffb00000| Untracked 
|  60|0x00000000ffc00000, 0x00000000ffc00000, 0x00000000ffd00000|  0%| F|  |TAMS 0x00000000ffc00000, 0x00000000ffc00000| Untracked 
|  61|0x00000000ffd00000, 0x00000000ffd5b548, 0x00000000ffe00000| 35%| E|  |TAMS 0x00000000ffd00000, 0x00000000ffd00000| Complete 
|  62|0x00000000ffe00000, 0x00000000fff00000, 0x00000000fff00000|100%| E|CS|TAMS 0x00000000ffe00000, 0x00000000ffe00000| Complete 
|  63|0x00000000fff00000, 0x0000000100000000, 0x0000000100000000|100%| E|CS|TAMS 0x00000000fff00000, 0x00000000fff00000| Complete 

Card table byte_map: [0x000001f2329a0000,0x000001f2329c0000] _byte_map_base: 0x000001f2321c0000

Marking Bits (Prev, Next): (CMBitMap*) 0x000001f234a2a880, (CMBitMap*) 0x000001f234a2a8c0
 Prev Bits: [0x000001f24b5e0000, 0x000001f24b6e0000)
 Next Bits: [0x000001f24b6e0000, 0x000001f24b7e0000)

Polling page: 0x000001f232940000

Metaspace:

Usage:
  Non-class:      8.00 MB used.
      Class:      1.20 MB used.
       Both:      9.20 MB used.

Virtual space:
  Non-class space:       64.00 MB reserved,       8.12 MB ( 13%) committed,  1 nodes.
      Class space:        1.00 GB reserved,       1.31 MB ( <1%) committed,  1 nodes.
             Both:        1.06 GB reserved,       9.44 MB ( <1%) committed. 

Chunk freelists:
   Non-Class:  7.72 MB
       Class:  14.61 MB
        Both:  22.33 MB

MaxMetaspaceSize: unlimited
CompressedClassSpaceSize: 1.00 GB
Initial GC threshold: 21.00 MB
Current GC threshold: 21.00 MB
CDS: on
MetaspaceReclaimPolicy: balanced
 - commit_granule_bytes: 65536.
 - commit_granule_words: 8192.
 - virtual_space_node_default_size: 8388608.
 - enlarge_chunks_in_place: 1.
 - new_chunks_are_fully_committed: 0.
 - uncommit_free_chunks: 1.
 - use_allocation_guard: 0.
 - handle_deallocations: 1.


Internal statistics:

num_allocs_failed_limit: 0.
num_arena_births: 78.
num_arena_deaths: 0.
num_vsnodes_births: 2.
num_vsnodes_deaths: 0.
num_space_committed: 151.
num_space_uncommitted: 0.
num_chunks_returned_to_freelist: 0.
num_chunks_taken_from_freelist: 320.
num_chunk_merges: 0.
num_chunk_splits: 225.
num_chunks_enlarged: 187.
num_inconsistent_stats: 0.

CodeHeap 'non-profiled nmethods': size=120000Kb used=688Kb max_used=688Kb free=119311Kb
 bounds [0x000001f243d70000, 0x000001f243fe0000, 0x000001f24b2a0000]
CodeHeap 'profiled nmethods': size=120000Kb used=3321Kb max_used=3321Kb free=116678Kb
 bounds [0x000001f23c2a0000, 0x000001f23c5e0000, 0x000001f2437d0000]
CodeHeap 'non-nmethods': size=5760Kb used=1169Kb max_used=1197Kb free=4590Kb
 bounds [0x000001f2437d0000, 0x000001f243a40000, 0x000001f243d70000]
 total_blobs=2226 nmethods=1758 adapters=381
 compilation: enabled
              stopped_count=0, restarted_count=0
 full_count=0

Compilation events (20 events):
Event: 449.098 Thread 0x000001f24e18fa30 nmethod 1750 0x000001f23c5da410 code [0x000001f23c5da5c0, 0x000001f23c5da818]
Event: 449.999 Thread 0x000001f24e18fa30 1751       3       org.gradle.internal.logging.console.WorkInProgressRenderer$AssociationLabel::<init> (20 bytes)
Event: 449.999 Thread 0x000001f24e18fa30 nmethod 1751 0x000001f23c5da910 code [0x000001f23c5daac0, 0x000001f23c5dad38]
Event: 451.448 Thread 0x000001f24e18fa30 1752       3       java.util.Collections$1::next (25 bytes)
Event: 451.449 Thread 0x000001f24e18fa30 nmethod 1752 0x000001f23c5dae10 code [0x000001f23c5dafc0, 0x000001f23c5db1e8]
Event: 451.915 Thread 0x000001f24e18fa30 1753       3       sun.nio.ch.SocketChannelImpl::isConnected (14 bytes)
Event: 451.916 Thread 0x000001f24e18fa30 nmethod 1753 0x000001f23c5db310 code [0x000001f23c5db4a0, 0x000001f23c5db618]
Event: 451.916 Thread 0x000001f24e18fa30 1758       3       sun.nio.ch.SocketChannelImpl::translateReadyOps (173 bytes)
Event: 451.917 Thread 0x000001f24e18fa30 nmethod 1758 0x000001f23c5db690 code [0x000001f23c5db880, 0x000001f23c5dbf58]
Event: 451.917 Thread 0x000001f24e18fa30 1754       3       java.nio.MappedByteBuffer::clear (5 bytes)
Event: 451.917 Thread 0x000001f24e18fa30 nmethod 1754 0x000001f23c5dc090 code [0x000001f23c5dc240, 0x000001f23c5dc478]
Event: 451.917 Thread 0x000001f24e18fa30 1755       3       java.nio.MappedByteBuffer::clear (7 bytes)
Event: 451.917 Thread 0x000001f24e18fa30 nmethod 1755 0x000001f23c5dc590 code [0x000001f23c5dc740, 0x000001f23c5dc918]
Event: 451.917 Thread 0x000001f24e18fa30 1756       3       java.nio.ByteBuffer::get (54 bytes)
Event: 451.918 Thread 0x000001f24e18fa30 nmethod 1756 0x000001f23c5dca10 code [0x000001f23c5dcc00, 0x000001f23c5dd0d8]
Event: 451.918 Thread 0x000001f24e18fa30 1757   !   3       java.nio.ByteBuffer::getArray (121 bytes)
Event: 451.920 Thread 0x000001f24e18fa30 nmethod 1757 0x000001f23c5dd310 code [0x000001f23c5dd580, 0x000001f23c5de0b8]
Event: 451.930 Thread 0x000001f24e184b40 1759   !   4       org.gradle.internal.logging.console.ThrottlingOutputEventListener::onOutput (92 bytes)
Event: 451.957 Thread 0x000001f24e184b40 nmethod 1759 0x000001f243e1af10 code [0x000001f243e1b120, 0x000001f243e1bc38]
Event: 451.993 Thread 0x000001f24e184b40 1760       4       org.gradle.internal.logging.console.BuildStatusRenderer::onOutput (350 bytes)

GC Heap History (4 events):
Event: 28.683 GC heap before
{Heap before GC invocations=0 (full 0):
 garbage-first heap   total 65536K, used 26624K [0x00000000fc000000, 0x0000000100000000)
  region size 1024K, 23 young (23552K), 0 survivors (0K)
 Metaspace       used 3816K, committed 3904K, reserved 1114112K
  class space    used 466K, committed 512K, reserved 1048576K
}
Event: 28.697 GC heap after
{Heap after GC invocations=1 (full 0):
 garbage-first heap   total 65536K, used 10464K [0x00000000fc000000, 0x0000000100000000)
  region size 1024K, 3 young (3072K), 3 survivors (3072K)
 Metaspace       used 3816K, committed 3904K, reserved 1114112K
  class space    used 466K, committed 512K, reserved 1048576K
}
Event: 396.091 GC heap before
{Heap before GC invocations=1 (full 0):
 garbage-first heap   total 65536K, used 32992K [0x00000000fc000000, 0x0000000100000000)
  region size 1024K, 25 young (25600K), 3 survivors (3072K)
 Metaspace       used 9312K, committed 9536K, reserved 1114112K
  class space    used 1225K, committed 1344K, reserved 1048576K
}
Event: 396.105 GC heap after
{Heap after GC invocations=2 (full 0):
 garbage-first heap   total 65536K, used 12116K [0x00000000fc000000, 0x0000000100000000)
  region size 1024K, 2 young (2048K), 2 survivors (2048K)
 Metaspace       used 9312K, committed 9536K, reserved 1114112K
  class space    used 1225K, committed 1344K, reserved 1048576K
}

Deoptimization events (20 events):
Event: 31.221 Thread 0x000001f234a06c10 Uncommon trap: trap_request=0xffffff45 fr.pc=0x000001f243db8d10 relative=0x0000000000000430
Event: 31.221 Thread 0x000001f234a06c10 Uncommon trap: reason=unstable_if action=reinterpret pc=0x000001f243db8d10 method=java.util.regex.Matcher.match(II)Z @ 76 c2
Event: 31.221 Thread 0x000001f234a06c10 DEOPT PACKING pc=0x000001f243db8d10 sp=0x000000ba0dafbb60
Event: 31.221 Thread 0x000001f234a06c10 DEOPT UNPACKING pc=0x000001f2438223a3 sp=0x000000ba0dafbb18 mode 2
Event: 191.931 Thread 0x000001f234a06c10 Uncommon trap: trap_request=0xffffffc6 fr.pc=0x000001f243dda920 relative=0x00000000000005c0
Event: 191.931 Thread 0x000001f234a06c10 Uncommon trap: reason=bimorphic_or_optimized_type_check action=maybe_recompile pc=0x000001f243dda920 method=java.util.concurrent.ConcurrentHashMap.get(Ljava/lang/Object;)Ljava/lang/Object; @ 149 c2
Event: 191.931 Thread 0x000001f234a06c10 DEOPT PACKING pc=0x000001f243dda920 sp=0x000000ba0dafcb50
Event: 191.932 Thread 0x000001f234a06c10 DEOPT UNPACKING pc=0x000001f2438223a3 sp=0x000000ba0dafcaf0 mode 2
Event: 191.932 Thread 0x000001f234a06c10 Uncommon trap: trap_request=0xffffffc6 fr.pc=0x000001f243dda920 relative=0x00000000000005c0
Event: 191.932 Thread 0x000001f234a06c10 Uncommon trap: reason=bimorphic_or_optimized_type_check action=maybe_recompile pc=0x000001f243dda920 method=java.util.concurrent.ConcurrentHashMap.get(Ljava/lang/Object;)Ljava/lang/Object; @ 149 c2
Event: 191.932 Thread 0x000001f234a06c10 DEOPT PACKING pc=0x000001f243dda920 sp=0x000000ba0dafcb50
Event: 191.932 Thread 0x000001f234a06c10 DEOPT UNPACKING pc=0x000001f2438223a3 sp=0x000000ba0dafcaf0 mode 2
Event: 191.932 Thread 0x000001f234a06c10 Uncommon trap: trap_request=0xffffffc6 fr.pc=0x000001f243dda920 relative=0x00000000000005c0
Event: 191.932 Thread 0x000001f234a06c10 Uncommon trap: reason=bimorphic_or_optimized_type_check action=maybe_recompile pc=0x000001f243dda920 method=java.util.concurrent.ConcurrentHashMap.get(Ljava/lang/Object;)Ljava/lang/Object; @ 149 c2
Event: 191.932 Thread 0x000001f234a06c10 DEOPT PACKING pc=0x000001f243dda920 sp=0x000000ba0dafcb50
Event: 191.932 Thread 0x000001f234a06c10 DEOPT UNPACKING pc=0x000001f2438223a3 sp=0x000000ba0dafcaf0 mode 2
Event: 286.810 Thread 0x000001f294214b30 Uncommon trap: trap_request=0xffffff45 fr.pc=0x000001f243dff280 relative=0x00000000000001c0
Event: 286.810 Thread 0x000001f294214b30 Uncommon trap: reason=unstable_if action=reinterpret pc=0x000001f243dff280 method=org.gradle.internal.logging.console.DefaultRedrawableLabel.redraw(Lorg/gradle/internal/logging/console/AnsiContext;)V @ 95 c2
Event: 286.810 Thread 0x000001f294214b30 DEOPT PACKING pc=0x000001f243dff280 sp=0x000000ba0f2fe940
Event: 286.810 Thread 0x000001f294214b30 DEOPT UNPACKING pc=0x000001f2438223a3 sp=0x000000ba0f2fe8f0 mode 2

Classes unloaded (0 events):
No events

Classes redefined (0 events):
No events

Internal exceptions (18 events):
Event: 1.038 Thread 0x000001f234a06c10 Exception <a 'java/lang/NoSuchMethodError'{0x00000000ffc6f258}: 'int java.lang.invoke.DirectMethodHandle$Holder.invokeStaticInit(java.lang.Object, java.lang.Object)'> (0x00000000ffc6f258) 
thrown [s\open\src\hotspot\share\interpreter\linkResolver.cpp, line 759]
Event: 28.590 Thread 0x000001f234a06c10 Exception <a 'java/lang/NoSuchMethodError'{0x00000000fe921210}: 'void java.lang.invoke.DirectMethodHandle$Holder.invokeStatic(java.lang.Object, java.lang.Object)'> (0x00000000fe921210) 
thrown [s\open\src\hotspot\share\interpreter\linkResolver.cpp, line 759]
Event: 28.655 Thread 0x000001f234a06c10 Exception <a 'java/lang/NoClassDefFoundError'{0x00000000fe9a8038}: org/slf4j/impl/StaticMarkerBinder> (0x00000000fe9a8038) 
thrown [s\open\src\hotspot\share\classfile\systemDictionary.cpp, line 245]
Event: 28.724 Thread 0x000001f234a06c10 Exception <a 'java/lang/NoSuchMethodError'{0x00000000fff4fbf0}: 'java.lang.Object java.lang.invoke.DirectMethodHandle$Holder.invokeVirtual(java.lang.Object, java.lang.Object, java.lang.Object, java.lang.Object, java.lang.Object, java.lang.Object, java.lang.Object)'> (0x00000000fff4fbf0) 
thrown [s\open\src\hotspot\share\interpreter\linkResolver.cpp, line 759]
Event: 28.729 Thread 0x000001f234a06c10 Exception <a 'java/lang/NoSuchMethodError'{0x00000000fff61720}: 'java.lang.Object java.lang.invoke.Invokers$Holder.invoker(java.lang.Object, java.lang.Object, java.lang.Object)'> (0x00000000fff61720) 
thrown [s\open\src\hotspot\share\interpreter\linkResolver.cpp, line 759]
Event: 28.733 Thread 0x000001f234a06c10 Exception <a 'java/lang/NoSuchMethodError'{0x00000000fff6a8f8}: 'java.lang.Object java.lang.invoke.DirectMethodHandle$Holder.invokeStatic(java.lang.Object, java.lang.Object, int)'> (0x00000000fff6a8f8) 
thrown [s\open\src\hotspot\share\interpreter\linkResolver.cpp, line 759]
Event: 28.738 Thread 0x000001f234a06c10 Exception <a 'java/lang/NoSuchMethodError'{0x00000000fffaf0c0}: 'void java.lang.invoke.DelegatingMethodHandle$Holder.delegate(java.lang.Object, java.lang.Object, int, java.lang.Object)'> (0x00000000fffaf0c0) 
thrown [s\open\src\hotspot\share\interpreter\linkResolver.cpp, line 759]
Event: 28.739 Thread 0x000001f234a06c10 Exception <a 'java/lang/NoSuchMethodError'{0x00000000fffb3330}: 'int java.lang.invoke.DirectMethodHandle$Holder.invokeSpecial(java.lang.Object, java.lang.Object, java.lang.Object)'> (0x00000000fffb3330) 
thrown [s\open\src\hotspot\share\interpreter\linkResolver.cpp, line 759]
Event: 28.746 Thread 0x000001f234a06c10 Exception <a 'java/lang/NoSuchMethodError'{0x00000000fffc6478}: 'java.lang.Object java.lang.invoke.Invokers$Holder.invokeExact_MT(java.lang.Object, java.lang.Object, java.lang.Object, java.lang.Object)'> (0x00000000fffc6478) 
thrown [s\open\src\hotspot\share\interpreter\linkResolver.cpp, line 759]
Event: 29.518 Thread 0x000001f234a06c10 Exception <a 'java/lang/NoSuchMethodError'{0x00000000ff83a750}: 'void java.lang.invoke.DirectMethodHandle$Holder.invokeSpecial(java.lang.Object, java.lang.Object, java.lang.Object)'> (0x00000000ff83a750) 
thrown [s\open\src\hotspot\share\interpreter\linkResolver.cpp, line 759]
Event: 29.539 Thread 0x000001f234a06c10 Implicit null exception at 0x000001f243dc5b0f to 0x000001f243dc6084
Event: 29.539 Thread 0x000001f234a06c10 Implicit null exception at 0x000001f243dadf0f to 0x000001f243dae48c
Event: 29.583 Thread 0x000001f234a06c10 Exception <a 'java/lang/NoSuchMethodError'{0x00000000ff787bf8}: 'java.lang.Object java.lang.invoke.DirectMethodHandle$Holder.invokeStaticInit(java.lang.Object)'> (0x00000000ff787bf8) 
thrown [s\open\src\hotspot\share\interpreter\linkResolver.cpp, line 759]
Event: 29.801 Thread 0x000001f234a06c10 Exception <a 'java/lang/NoSuchMethodError'{0x00000000ff33e3c8}: 'java.lang.Object java.lang.invoke.DirectMethodHandle$Holder.invokeStaticInit(java.lang.Object, int, int, int, int)'> (0x00000000ff33e3c8) 
thrown [s\open\src\hotspot\share\interpreter\linkResolver.cpp, line 759]
Event: 30.043 Thread 0x000001f234a06c10 Exception <a 'java/lang/NoSuchMethodError'{0x00000000ff3916b0}: 'java.lang.Object java.lang.invoke.DirectMethodHandle$Holder.invokeStaticInit(java.lang.Object, java.lang.Object, int, int, int, int)'> (0x00000000ff3916b0) 
thrown [s\open\src\hotspot\share\interpreter\linkResolver.cpp, line 759]
Event: 30.948 Thread 0x000001f234a06c10 Exception <a 'java/lang/NoSuchMethodError'{0x00000000ff3bf1c8}: 'void java.lang.invoke.DirectMethodHandle$Holder.invokeStatic(java.lang.Object, java.lang.Object, java.lang.Object)'> (0x00000000ff3bf1c8) 
thrown [s\open\src\hotspot\share\interpreter\linkResolver.cpp, line 759]
Event: 30.992 Thread 0x000001f234a06c10 Implicit null exception at 0x000001f243daa2f2 to 0x000001f243daa90c
Event: 30.993 Thread 0x000001f234a06c10 Implicit null exception at 0x000001f243da7172 to 0x000001f243da778c

VM Operations (20 events):
Event: 425.384 Executing VM operation: Cleanup
Event: 425.384 Executing VM operation: Cleanup done
Event: 426.394 Executing VM operation: Cleanup
Event: 426.394 Executing VM operation: Cleanup done
Event: 433.426 Executing VM operation: Cleanup
Event: 433.426 Executing VM operation: Cleanup done
Event: 434.433 Executing VM operation: Cleanup
Event: 434.433 Executing VM operation: Cleanup done
Event: 438.472 Executing VM operation: Cleanup
Event: 438.472 Executing VM operation: Cleanup done
Event: 439.483 Executing VM operation: Cleanup
Event: 439.483 Executing VM operation: Cleanup done
Event: 446.568 Executing VM operation: Cleanup
Event: 446.569 Executing VM operation: Cleanup done
Event: 447.578 Executing VM operation: Cleanup
Event: 447.578 Executing VM operation: Cleanup done
Event: 450.605 Executing VM operation: Cleanup
Event: 450.606 Executing VM operation: Cleanup done
Event: 452.631 Executing VM operation: Cleanup
Event: 452.632 Executing VM operation: Cleanup done

Events (20 events):
Event: 286.753 loading class jdk/internal/logger/LoggerFinderLoader
Event: 286.753 loading class jdk/internal/logger/LoggerFinderLoader done
Event: 286.754 loading class sun/util/logging/internal/LoggingProviderImpl$JULWrapper
Event: 286.754 loading class sun/util/logging/PlatformLogger$ConfigurableBridge$LoggerConfiguration
Event: 286.755 loading class sun/util/logging/PlatformLogger$ConfigurableBridge$LoggerConfiguration done
Event: 286.755 loading class sun/util/logging/internal/LoggingProviderImpl$JULWrapper done
Event: 286.755 loading class java/io/ObjectInputFilter
Event: 286.755 loading class java/io/ObjectInputFilter done
Event: 286.756 loading class java/io/ObjectInputFilter$Config$BuiltinFilterFactory
Event: 286.757 loading class java/io/ObjectInputFilter$Config$BuiltinFilterFactory done
Event: 286.757 loading class jdk/internal/access/JavaObjectInputFilterAccess
Event: 286.757 loading class jdk/internal/access/JavaObjectInputFilterAccess done
Event: 286.760 loading class java/lang/System$Logger$Level
Event: 286.760 loading class java/lang/System$Logger$Level done
Event: 286.761 loading class java/io/Bits
Event: 286.761 loading class java/io/Bits done
Event: 286.815 loading class java/util/ArrayList$ListItr
Event: 286.815 loading class java/util/ArrayList$ListItr done
Event: 434.726 loading class jdk/internal/misc/ScopedMemoryAccess$Scope
Event: 434.728 loading class jdk/internal/misc/ScopedMemoryAccess$Scope done


Dynamic libraries:
0x00007ff624da0000 - 0x00007ff624db0000 	C:\Users\dell\AppData\Local\jdk-17\bin\java.exe
0x00007ffc0c140000 - 0x00007ffc0c3a5000 	C:\WINDOWS\SYSTEM32\ntdll.dll
0x00007ffc0bdf0000 - 0x00007ffc0beb9000 	C:\WINDOWS\System32\KERNEL32.DLL
0x00007ffc09410000 - 0x00007ffc097f8000 	C:\WINDOWS\System32\KERNELBASE.dll
0x00007ffc09940000 - 0x00007ffc09a8b000 	C:\WINDOWS\System32\ucrtbase.dll
0x00007ffc02d60000 - 0x00007ffc02d79000 	C:\Users\dell\AppData\Local\jdk-17\bin\jli.dll
0x00007ffbea280000 - 0x00007ffbea29b000 	C:\Users\dell\AppData\Local\jdk-17\bin\VCRUNTIME140.dll
0x00007ffc0bd30000 - 0x00007ffc0bde3000 	C:\WINDOWS\System32\ADVAPI32.dll
0x00007ffc0b200000 - 0x00007ffc0b2a9000 	C:\WINDOWS\System32\msvcrt.dll
0x00007ffc09ee0000 - 0x00007ffc09f86000 	C:\WINDOWS\System32\sechost.dll
0x00007ffc0b8b0000 - 0x00007ffc0b9c5000 	C:\WINDOWS\System32\RPCRT4.dll
0x00007ffc0ba00000 - 0x00007ffc0bbca000 	C:\WINDOWS\System32\USER32.dll
0x00007ffbe9590000 - 0x00007ffbe982a000 	C:\WINDOWS\WinSxS\amd64_microsoft.windows.common-controls_6595b64144ccf1df_6.0.26100.4202_none_3e0698d4e335f517\COMCTL32.dll
0x00007ffc09b20000 - 0x00007ffc09b47000 	C:\WINDOWS\System32\win32u.dll
0x00007ffc0b9d0000 - 0x00007ffc0b9fb000 	C:\WINDOWS\System32\GDI32.dll
0x00007ffc09800000 - 0x00007ffc09937000 	C:\WINDOWS\System32\gdi32full.dll
0x00007ffbfb3c0000 - 0x00007ffbfb3cb000 	C:\WINDOWS\SYSTEM32\VERSION.dll
0x00007ffc09bf0000 - 0x00007ffc09c93000 	C:\WINDOWS\System32\msvcp_win.dll
0x00007ffc0b1c0000 - 0x00007ffc0b1f0000 	C:\WINDOWS\System32\IMM32.DLL
0x00007ffbea270000 - 0x00007ffbea27c000 	C:\Users\dell\AppData\Local\jdk-17\bin\vcruntime140_1.dll
0x00007ffbcb810000 - 0x00007ffbcb89e000 	C:\Users\dell\AppData\Local\jdk-17\bin\msvcp140.dll
0x00007ffb46540000 - 0x00007ffb47121000 	C:\Users\dell\AppData\Local\jdk-17\bin\server\jvm.dll
0x00007ffc0c0f0000 - 0x00007ffc0c0f8000 	C:\WINDOWS\System32\PSAPI.DLL
0x00007ffbf67a0000 - 0x00007ffbf67d5000 	C:\WINDOWS\SYSTEM32\WINMM.dll
0x00007ffbf84d0000 - 0x00007ffbf84da000 	C:\WINDOWS\SYSTEM32\WSOCK32.dll
0x00007ffc0c000000 - 0x00007ffc0c074000 	C:\WINDOWS\System32\WS2_32.dll
0x00007ffc08130000 - 0x00007ffc0814b000 	C:\WINDOWS\SYSTEM32\kernel.appcore.dll
0x00007ffbea260000 - 0x00007ffbea26a000 	C:\Users\dell\AppData\Local\jdk-17\bin\jimage.dll
0x00007ffc06b80000 - 0x00007ffc06dc1000 	C:\WINDOWS\SYSTEM32\DBGHELP.DLL
0x00007ffc09f90000 - 0x00007ffc0a315000 	C:\WINDOWS\System32\combase.dll
0x00007ffc0aa70000 - 0x00007ffc0ab51000 	C:\WINDOWS\System32\OLEAUT32.dll
0x00007ffbf6140000 - 0x00007ffbf6179000 	C:\WINDOWS\SYSTEM32\dbgcore.DLL
0x00007ffc09b50000 - 0x00007ffc09be9000 	C:\WINDOWS\System32\bcryptPrimitives.dll
0x00007ffbea1d0000 - 0x00007ffbea1f5000 	C:\Users\dell\AppData\Local\jdk-17\bin\java.dll
0x00007ffb87080000 - 0x00007ffb87157000 	C:\Users\dell\AppData\Local\jdk-17\bin\jsvml.dll
0x00007ffc0a320000 - 0x00007ffc0aa62000 	C:\WINDOWS\System32\SHELL32.dll
0x00007ffc09ca0000 - 0x00007ffc09e14000 	C:\WINDOWS\System32\wintypes.dll
0x00007ffc06ef0000 - 0x00007ffc07748000 	C:\WINDOWS\SYSTEM32\windows.storage.dll
0x00007ffc0b640000 - 0x00007ffc0b731000 	C:\WINDOWS\System32\SHCORE.dll
0x00007ffc0c080000 - 0x00007ffc0c0ea000 	C:\WINDOWS\System32\shlwapi.dll
0x00007ffc091a0000 - 0x00007ffc091cf000 	C:\WINDOWS\SYSTEM32\profapi.dll
0x00007ffbceb50000 - 0x00007ffbceb69000 	C:\Users\dell\AppData\Local\jdk-17\bin\net.dll
0x00007ffc01fa0000 - 0x00007ffc020be000 	C:\WINDOWS\SYSTEM32\WINHTTP.dll
0x00007ffc08680000 - 0x00007ffc086ea000 	C:\WINDOWS\system32\mswsock.dll
0x00007ffbceb30000 - 0x00007ffbceb46000 	C:\Users\dell\AppData\Local\jdk-17\bin\nio.dll
0x00007ffbea1b0000 - 0x00007ffbea1c8000 	C:\Users\dell\AppData\Local\jdk-17\bin\zip.dll
0x00007ffbdc6e0000 - 0x00007ffbdc6f0000 	C:\Users\dell\AppData\Local\jdk-17\bin\verify.dll
0x00007ffbcc180000 - 0x00007ffbcc1a7000 	C:\Users\dell\.gradle\native\68d5fa5c4cc2d200863cafc0d521ce42e7d3e7ee720ec0a83991735586a16f82\windows-amd64\native-platform.dll
0x00007ffbf0480000 - 0x00007ffbf048a000 	C:\Users\dell\.gradle\native\jansi\1.18\windows64\jansi.dll
0x00007ffbdb7f0000 - 0x00007ffbdb7fa000 	C:\Users\dell\AppData\Local\jdk-17\bin\management.dll
0x00007ffbdb150000 - 0x00007ffbdb15b000 	C:\Users\dell\AppData\Local\jdk-17\bin\management_ext.dll
0x00007ffc08a60000 - 0x00007ffc08a7b000 	C:\WINDOWS\SYSTEM32\CRYPTSP.dll
0x00007ffc08090000 - 0x00007ffc080ca000 	C:\WINDOWS\system32\rsaenh.dll
0x00007ffc08720000 - 0x00007ffc0874b000 	C:\WINDOWS\SYSTEM32\USERENV.dll
0x00007ffc09170000 - 0x00007ffc09196000 	C:\WINDOWS\SYSTEM32\bcrypt.dll
0x00007ffc088c0000 - 0x00007ffc088cc000 	C:\WINDOWS\SYSTEM32\CRYPTBASE.dll
0x00007ffc07ab0000 - 0x00007ffc07ae3000 	C:\WINDOWS\SYSTEM32\IPHLPAPI.DLL
0x00007ffc0bec0000 - 0x00007ffc0beca000 	C:\WINDOWS\System32\NSI.dll
0x00007ffc02e00000 - 0x00007ffc02e1f000 	C:\WINDOWS\SYSTEM32\dhcpcsvc6.DLL
0x00007ffc02dd0000 - 0x00007ffc02df5000 	C:\WINDOWS\SYSTEM32\dhcpcsvc.DLL
0x00007ffc07b40000 - 0x00007ffc07c67000 	C:\WINDOWS\SYSTEM32\DNSAPI.dll
0x00007ffbd6040000 - 0x00007ffbd604e000 	C:\Users\dell\AppData\Local\jdk-17\bin\sunmscapi.dll
0x00007ffc09290000 - 0x00007ffc09407000 	C:\WINDOWS\System32\CRYPT32.dll
0x00007ffc08bb0000 - 0x00007ffc08be0000 	C:\WINDOWS\SYSTEM32\ncrypt.dll
0x00007ffc08b60000 - 0x00007ffc08b9f000 	C:\WINDOWS\SYSTEM32\NTASN1.dll
0x00007ffbe03a0000 - 0x00007ffbe03a8000 	C:\WINDOWS\system32\wshunix.dll

dbghelp: loaded successfully - version: 4.0.5 - missing functions: none
symbol engine: initialized successfully - sym options: 0x614 - pdb path: .;C:\Users\dell\AppData\Local\jdk-17\bin;C:\WINDOWS\SYSTEM32;C:\WINDOWS\WinSxS\amd64_microsoft.windows.common-controls_6595b64144ccf1df_6.0.26100.4202_none_3e0698d4e335f517;C:\Users\dell\AppData\Local\jdk-17\bin\server;C:\Users\dell\.gradle\native\68d5fa5c4cc2d200863cafc0d521ce42e7d3e7ee720ec0a83991735586a16f82\windows-amd64;C:\Users\dell\.gradle\native\jansi\1.18\windows64

VM Arguments:
jvm_args: -Xmx64m -Xms64m -Dorg.gradle.appname=gradlew 
java_command: org.gradle.wrapper.GradleWrapperMain app:installDebug -PreactNativeDevServerPort=8081
java_class_path (initial): F:\reactnative\KICKERS\android\\gradle\wrapper\gradle-wrapper.jar
Launcher Type: SUN_STANDARD

[Global flags]
     intx CICompilerCount                          = 4                                         {product} {ergonomic}
     uint ConcGCThreads                            = 2                                         {product} {ergonomic}
     uint G1ConcRefinementThreads                  = 8                                         {product} {ergonomic}
   size_t G1HeapRegionSize                         = 1048576                                   {product} {ergonomic}
    uintx GCDrainStackTargetSize                   = 64                                        {product} {ergonomic}
   size_t InitialHeapSize                          = 67108864                                  {product} {command line}
   size_t MarkStackSize                            = 4194304                                   {product} {ergonomic}
   size_t MaxHeapSize                              = 67108864                                  {product} {command line}
   size_t MaxNewSize                               = 39845888                                  {product} {ergonomic}
   size_t MinHeapDeltaBytes                        = 1048576                                   {product} {ergonomic}
   size_t MinHeapSize                              = 67108864                                  {product} {command line}
    uintx NonNMethodCodeHeapSize                   = 5839372                                {pd product} {ergonomic}
    uintx NonProfiledCodeHeapSize                  = 122909434                              {pd product} {ergonomic}
    uintx ProfiledCodeHeapSize                     = 122909434                              {pd product} {ergonomic}
    uintx ReservedCodeCacheSize                    = 251658240                              {pd product} {ergonomic}
     bool SegmentedCodeCache                       = true                                      {product} {ergonomic}
   size_t SoftMaxHeapSize                          = 67108864                               {manageable} {ergonomic}
     bool UseCompressedClassPointers               = true                           {product lp64_product} {ergonomic}
     bool UseCompressedOops                        = true                           {product lp64_product} {ergonomic}
     bool UseG1GC                                  = true                                      {product} {ergonomic}
     bool UseLargePagesIndividualAllocation        = false                                  {pd product} {ergonomic}

Logging:
Log output configuration:
 #0: stdout all=warning uptime,level,tags
 #1: stderr all=off uptime,level,tags

Environment Variables:
JAVA_HOME=C:\Users\dell\AppData\Local\jdk-17
CLASSPATH=F:\reactnative\KICKERS\android\\gradle\wrapper\gradle-wrapper.jar
PATH=F:\reactnative\KICKERS\node_modules\.bin;F:\reactnative\KICKERS\node_modules\.bin;F:\reactnative\node_modules\.bin;F:\node_modules\.bin;C:\Users\dell\AppData\Roaming\npm\node_modules\npm\node_modules\@npmcli\run-script\lib\node-gyp-bin;C:\Program Files\Microsoft\jdk-17.0.8.7-hotspot\bin;C:\Program Files\Java\jdk-17\bin;C:\Program Files\Eclipse Adoptium\jdk-17.0.4.101-hotspot\bin;C:\Program Files\Common Files\Oracle\Java\javapath;C:\WINDOWS\system32;C:\WINDOWS;C:\WINDOWS\System32\Wbem;C:\WINDOWS\System32\WindowsPowerShell\v1.0\;C:\WINDOWS\System32\OpenSSH\;C:\Program Files\Microsoft SQL Server\150\Tools\Binn\;C:\Program Files\dotnet\;C:\Program Files\Java\jdk-19\bin;C:\WINDOWS\system32;C:\WINDOWS;C:\WINDOWS\System32\Wbem;C:\WINDOWS\System32\WindowsPowerShell\v1.0\;C:\WINDOWS\System32\OpenSSH\;C:\Program Files\Java\jdk-19;C:\ProgramData\chocolatey\bin;C:\Users\dell\AppData\Local\Android\Sdk\platform-tools;C:\Program Files\Git\cmd;C:\Program Files\Git\mingw64\bin;C:\Program Files\Git\usr\bin;C:\Users\dell\AppData\Roaming\nvm;C:\Program Files\nodejs;C:\Program Files\Docker\Docker\resources\bin;C:\Program Files\MySQL\MySQL Server 8.0\bin;C:\Program Files\PostgreSQL\16\bin;: C:\xampp\mysql\bin;C:\Users\dell\AppData\Local\Programs\Python\Python312\Scripts\;C:\Users\dell\AppData\Local\Programs\Python\Python312\;C:\Users\dell\AppData\Local\Programs\Python\Launcher\;C:\Users\dell\AppData\Local\Android\Sdk\tools;C:\Users\dell\AppData\Local\jdk-11.0.2\bin;F:\Tools\WinNT;F:\MSDev98\Bin;F:\Tools;F:\Microsoft Visual Studio\VC98\bin;C:\Users\dell\AppData\Local\Microsoft\WindowsApps;C:\Users\dell\.dotnet\tools;C:\Users\dell\AppData\Local\Programs\Microsoft VS Code\bin;C:\Users\dell\Downloads\platform-tools-latest-windows\platform-tools;C:\Users\dell\AppData\Roaming\npm;C:\Users\dell\AppData\Roaming\nvm;C:\Program Files\nodejs;
USERNAME=dell
LANG=en_US.UTF-8
OS=Windows_NT
PROCESSOR_IDENTIFIER=Intel64 Family 6 Model 142 Stepping 10, GenuineIntel



---------------  S Y S T E M  ---------------

OS:
 Windows 11 , 64 bit Build 26100 (10.0.26100.4202)
OS uptime: 1 days 0:13 hours
Hyper-V role detected

CPU: total 8 (initial active 8) (4 cores per cpu, 2 threads per core) family 6 model 142 stepping 10 microcode 0xe0, cx8, cmov, fxsr, ht, mmx, 3dnowpref, sse, sse2, sse3, ssse3, sse4.1, sse4.2, popcnt, lzcnt, tsc, tscinvbit, avx, avx2, aes, erms, clmul, bmi1, bmi2, adx, fma, vzeroupper, clflush, clflushopt, hv

Memory: 4k page, system-wide physical 16248M (754M free)
TotalPageFile size 25900M (AvailPageFile size 112M)
current process WorkingSet (physical memory assigned to process): 110M, peak: 113M
current process commit charge ("private bytes"): 181M, peak: 183M

vm_info: Java HotSpot(TM) 64-Bit Server VM (17.0.9+11-LTS-201) for windows-amd64 JRE (17.0.9+11-LTS-201), built on Oct 10 2023 23:16:06 by "mach5one" with MS VC++ 17.1 (VS2022)

END.
